<?xml version="1.0" encoding="UTF-8"?>
<!-- Generated by org.testng.reporters.JUnitReportReporter -->
<testsuite skipped="0" hostname="DESKTOP-TD6L0N5" name="tests.RegisteredUserCheckoutProduct" tests="5" failures="0" timestamp="13 Jan 2020 17:09:18 GMT" time="53.199" errors="0">
  <testcase name="UserCanRegisterSuccessfully" time="6.417" classname="tests.RegisteredUserCheckoutProduct"/>
  <testcase name="UserCanSearchWithAutoSuggest" time="12.379" classname="tests.RegisteredUserCheckoutProduct"/>
  <testcase name="addQunatity" time="7.066" classname="tests.RegisteredUserCheckoutProduct"/>
  <testcase name="UserCanCheckoutProduct" time="24.528" classname="tests.RegisteredUserCheckoutProduct"/>
  <testcase name="RegisteredUserCanLogout" time="2.809" classname="tests.RegisteredUserCheckoutProduct"/>
</testsuite> <!-- tests.RegisteredUserCheckoutProduct -->
